=N:[UVMSource] Using sources from '/home/jman/metrics-ca/dsim/20240422.4.0/uvm/1.2'
=N:[UsageMeter (2024-06-17 16:50:03 -0600)] Using /etc/ssl/certs as location of CA certificates to verify license server.
=N:[UsageMeter (2024-06-17 16:50:04 -0600)] usage server initial connection
=N:[License] 
Licensed for Metrics Design Automation.
=N:[License] New lease granted.
Analyzing...
Elaborating...
  Top-level modules:
    $unit
    top_hvl
    top_hdl
=W:[IneffectiveDynamicCast]:
    The following dynamic $cast cases will always be false    

    /home/jman/metrics-ca/dsim/20240422.4.0/uvm/1.2/src/base/uvm_callback.svh:521:9              class uvm_pkg::uvm_callbacks#(class uvm_pkg::uvm_phase,class uvm_pkg::uvm_phase_cb)    class uvm_pkg::uvm_callbacks#(class uvm_pkg::uvm_phase,class uvm_pkg::uvm_callback)    
    Included from /home/jman/metrics-ca/dsim/20240422.4.0/uvm/1.2/src/base/uvm_base.svh:76:12                                                                                                                                                                                  
    Included from /home/jman/metrics-ca/dsim/20240422.4.0/uvm/1.2/src/uvm_pkg.sv:31:12                                                                                                                                                                                         

    /home/jman/metrics-ca/dsim/20240422.4.0/uvm/1.2/src/base/uvm_callback.svh:671:12             class uvm_pkg::uvm_phase                                                               class uvm_pkg::uvm_report_object                                                       
    Included from /home/jman/metrics-ca/dsim/20240422.4.0/uvm/1.2/src/base/uvm_base.svh:76:12                                                                                                                                                                                  

    /home/jman/metrics-ca/dsim/20240422.4.0/uvm/1.2/src/base/uvm_callback.svh:731:10             class uvm_pkg::uvm_component                                                           class uvm_pkg::uvm_phase                                                               
    Included from /home/jman/metrics-ca/dsim/20240422.4.0/uvm/1.2/src/base/uvm_base.svh:76:12                                                                                                                                                                                  

    /home/jman/metrics-ca/dsim/20240422.4.0/uvm/1.2/src/base/uvm_callback.svh:808:10             class uvm_pkg::uvm_component                                                           class uvm_pkg::uvm_phase                                                               
    Included from /home/jman/metrics-ca/dsim/20240422.4.0/uvm/1.2/src/base/uvm_base.svh:76:12                                                                                                                                                                                  

=W:[ExprStmtNotVoid]:
    The following expressions used as statements do not have void type:    

    ../testbench/sequence.sv:15:8                    int    
    Included from ../testbench/testbench.sv:4:10            

    ../testbench/test_1.sv:47:5                      int    
    Included from ../testbench/testbench.sv:10:10           

=W:[DuplicateCaseItem]:
    The following case items appear more than once in             
    a case statement.  Since the first action takes precedence    
    any duplicates are effectively ignored.                       

    ../design/imm_Gen.sv:52:9    ../design/imm_Gen.sv:50:9    

  Found 21 unique specialization(s) of 20 design element(s).
=W:[MissingTimescale]:
    It is illegal for some design elements to have time specifications    
    while others don't.  A complete time specification includes           
    both a time unit and time precision.                                  

        Have complete time spec    Have no/incomplete time spec    

        ALUController              intf_cnt                        
        Controller                 top_hvl                         
        Datapath                   uvm_pkg                         
        RegFile                                                    
        adder                                                      
        adder_32                                                   
        alu                                                        
        data_extract                                               
        datamemory                                                 
        flopr                                                      
        imm_Gen                                                    
        instructionmemory                                          
        mux2                                                       
        riscv                                                      
        top_hdl                                                    

=W:[LatchInferred]:
    The following variables in always_comb blocks are not written    
    along all paths through the block.  Latches will be inferred:    

    ../design/data_extract.sv:33:1    y     

    ../design/datamemory.sv:17:5      rd    

Optimizing...
Building models...
PLI/VPI access: +rwb 
Simulation time precision is 1ps.
Linking image.so...
Using default typical min/typ/max.
=S:Begin run-time elaboration and static initialization...
UVM_INFO /home/jman/metrics-ca/dsim/20240422.4.0/uvm/1.2/src/base/uvm_root.svh(392) @ 0: reporter [UVM/RELNOTES] 
----------------------------------------------------------------
UVM-1.2
(C) 2007-2014 Mentor Graphics Corporation
(C) 2007-2014 Cadence Design Systems, Inc.
(C) 2006-2014 Synopsys, Inc.
(C) 2011-2013 Cypress Semiconductor Corp.
(C) 2013-2014 NVIDIA Corporation
----------------------------------------------------------------

  ***********       IMPORTANT RELEASE NOTES         ************

  You are using a version of the UVM library that has been compiled
  with `UVM_NO_DEPRECATED undefined.
  See http://www.eda.org/svdb/view.php?id=3313 for more details.

  You are using a version of the UVM library that has been compiled
  with `UVM_OBJECT_DO_NOT_NEED_CONSTRUCTOR undefined.
  See http://www.eda.org/svdb/view.php?id=3770 for more details.

      (Specify +UVM_NO_RELNOTES to turn off this notice)

=N:[dumpVCD] preparing VCD dump to 'file.vcd'.
=N:[dump] Dump started at time 0
=N:Starting event scheduler...
UVM_INFO @ 0: reporter [RNTST] Running test test_basic...
=W:[dump] ../design/top_hdl.sv:28: $dumpfile() called, but dump already enabled.
=W:[dump] ../design/top_hdl.sv:29: $dumpvars() called after dumping started.
UVM_INFO @ 0: uvm_test_top.env [uvm_test_top.env] End_of_build_phase
----------------------------------------------------
Name                Type                 Size  Value
----------------------------------------------------
env                 riscv_env            -     @353 
  riscv_ag_active   riscv_agent_active   -     @364 
  riscv_ag_passive  riscv_agent_passive  -     @373 
  riscv_sb          riscv_scoreboard     -     @382 
----------------------------------------------------
UVM_INFO @ 0: uvm_test_top [uvm_test_top] End_of_elaboration
--------------------------------------------------------------
Name                       Type                    Size  Value
--------------------------------------------------------------
uvm_test_top               test_basic              -     @335 
  env                      riscv_env               -     @353 
    riscv_ag_active        riscv_agent_active      -     @364 
      riscv_drv            riscv_driver            -     @395 
        rsp_port           uvm_analysis_port       -     @414 
        seq_item_port      uvm_seq_item_pull_port  -     @404 
      riscv_mntr_wr        riscv_monitor_wr        -     @561 
        mon_analysis_port  uvm_analysis_port       -     @571 
      riscv_seqr           uvm_sequencer           -     @424 
        rsp_export         uvm_analysis_export     -     @433 
        seq_item_export    uvm_seq_item_pull_imp   -     @551 
        arbitration_queue  array                   0     -    
        lock_queue         array                   0     -    
        num_last_reqs      integral                32    'd1  
        num_last_rsps      integral                32    'd1  
    riscv_ag_passive       riscv_agent_passive     -     @373 
      fifo_mntr_rd         riscv_monitor_rd        -     @589 
        mon_analysis_port  uvm_analysis_port       -     @598 
    riscv_sb               riscv_scoreboard        -     @382 
      riscv_drv            uvm_analysis_imp_drv    -     @609 
      riscv_mon            uvm_analysis_imp_mon    -     @619 
--------------------------------------------------------------
UVM_INFO ../testbench/driver.sv(29) @ 0: uvm_test_top.env.riscv_ag_active.riscv_drv [DRV] Wait for item from sequencer
UVM_INFO @ 0: uvm_test_top [uvm_test_top] Init Start
UVM_INFO ../testbench/monitor.sv(75) @ 20000: uvm_test_top.env.riscv_ag_passive.fifo_mntr_rd [Ojo] registro a ver =          x
UVM_INFO ../testbench/scoreboard.sv(52) @ 20000: uvm_test_top.env.riscv_sb [Instruction] Instruction recibida = xxxxxxxxxxxxxxxxxxxxxxxxxxxxxxxx
UVM_INFO ../testbench/scoreboard.sv(171) @ 20000: uvm_test_top.env.riscv_sb [SB PASS] Este es rd  x
UVM_INFO ../testbench/scoreboard.sv(185) @ 20000: uvm_test_top.env.riscv_sb [SB PASS] DUT data is           x :: SB data is           x
UVM_INFO @ 35000: uvm_test_top [uvm_test_top] Init Done
UVM_INFO ../testbench/sequence.sv(16) @ 35000: uvm_test_top.env.riscv_ag_active.riscv_seqr@@seq [SEQ] Generate new item: 
------------------------------------------------------------------------------------------------
Name                           Type        Size  Value                                          
------------------------------------------------------------------------------------------------
f_item                         riscv_item  -     @698                                           
  iteracion                    integral    32    'hd4f71b65                                     
  opcode                       integral    7     'h13                                           
  rd                           integral    5     'hb                                            
  rs1                          integral    5     'h1e                                           
  rs2                          integral    5     'h1                                            
  funct3                       integral    3     'h0                                            
  funct7                       integral    7     'h0                                            
  inm12                        integral    12    'h3b3                                          
  funct3_s                     integral    3     'h2                                            
  inm12_4                      integral    12    'h614                                          
  funct3_b                     integral    3     'h4                                            
  inm_20                       integral    20    'hacff0                                        
  inm_20_4                     integral    20    'h36494                                        
  funct3_lw                    integral    3     'h2                                            
  opcode_rg                    integral    7     'h13                                           
  funct3_rg                    integral    3     'h0                                            
  rand_instruction             integral    32    'h3b3f0593                                     
  rand_register                integral    32    'h3b3f0593                                     
  begin_time                   time        64    35000                                          
  depth                        int         32    'd2                                            
  parent sequence (name)       string      3     seq                                            
  parent sequence (full name)  string      47    uvm_test_top.env.riscv_ag_active.riscv_seqr.seq
  sequencer                    string      43    uvm_test_top.env.riscv_ag_active.riscv_seqr    
------------------------------------------------------------------------------------------------
UVM_INFO ../testbench/scoreboard.sv(43) @ 35000: uvm_test_top.env.riscv_sb [drv] Data received = 00111011001111110000010110010011 
UVM_INFO ../testbench/monitor.sv(75) @ 40000: uvm_test_top.env.riscv_ag_passive.fifo_mntr_rd [Ojo] registro a ver =          0
UVM_INFO ../testbench/scoreboard.sv(52) @ 40000: uvm_test_top.env.riscv_sb [Instruction] Instruction recibida = 00111011001111110000010110010011
UVM_INFO ../testbench/scoreboard.sv(171) @ 40000: uvm_test_top.env.riscv_sb [SB PASS] Este es rd 11
UVM_ERROR ../testbench/scoreboard.sv(176) @ 40000: uvm_test_top.env.riscv_sb [SB error] Data mismatch
UVM_INFO ../testbench/scoreboard.sv(177) @ 40000: uvm_test_top.env.riscv_sb [Info error] El registro =          11 no coincide
UVM_INFO ../testbench/scoreboard.sv(178) @ 40000: uvm_test_top.env.riscv_sb [Info error] DUT data is          0 :: SB data is        947
UVM_INFO ../testbench/driver.sv(29) @ 50000: uvm_test_top.env.riscv_ag_active.riscv_drv [DRV] Wait for item from sequencer
UVM_INFO ../testbench/sequence.sv(16) @ 50000: uvm_test_top.env.riscv_ag_active.riscv_seqr@@seq [SEQ] Generate new item: 
------------------------------------------------------------------------------------------------
Name                           Type        Size  Value                                          
------------------------------------------------------------------------------------------------
f_item                         riscv_item  -     @698                                           
  iteracion                    integral    32    'h5bbe9665                                     
  opcode                       integral    7     'h33                                           
  rd                           integral    5     'h7                                            
  rs1                          integral    5     'hb                                            
  rs2                          integral    5     'h0                                            
  funct3                       integral    3     'h1                                            
  funct7                       integral    7     'h0                                            
  inm12                        integral    12    'h9                                            
  funct3_s                     integral    3     'h1                                            
  inm12_4                      integral    12    'hef0                                          
  funct3_b                     integral    3     'h7                                            
  inm_20                       integral    20    'h8d105                                        
  inm_20_4                     integral    20    'h5755c                                        
  funct3_lw                    integral    3     'h4                                            
  opcode_rg                    integral    7     'h13                                           
  funct3_rg                    integral    3     'h0                                            
  rand_instruction             integral    32    'h593b3                                        
  rand_register                integral    32    'h958393                                       
  begin_time                   time        64    50000                                          
  depth                        int         32    'd2                                            
  parent sequence (name)       string      3     seq                                            
  parent sequence (full name)  string      47    uvm_test_top.env.riscv_ag_active.riscv_seqr.seq
  sequencer                    string      43    uvm_test_top.env.riscv_ag_active.riscv_seqr    
------------------------------------------------------------------------------------------------
UVM_INFO ../testbench/scoreboard.sv(43) @ 50000: uvm_test_top.env.riscv_sb [drv] Data received = 00000000100101011000001110010011 
UVM_INFO ../testbench/monitor.sv(75) @ 60000: uvm_test_top.env.riscv_ag_passive.fifo_mntr_rd [Ojo] registro a ver =          0
UVM_INFO ../testbench/scoreboard.sv(52) @ 60000: uvm_test_top.env.riscv_sb [Instruction] Instruction recibida = 00000000100101011000001110010011
UVM_INFO ../testbench/scoreboard.sv(171) @ 60000: uvm_test_top.env.riscv_sb [SB PASS] Este es rd  7
UVM_ERROR ../testbench/scoreboard.sv(176) @ 60000: uvm_test_top.env.riscv_sb [SB error] Data mismatch
UVM_INFO ../testbench/scoreboard.sv(177) @ 60000: uvm_test_top.env.riscv_sb [Info error] El registro =           7 no coincide
UVM_INFO ../testbench/scoreboard.sv(178) @ 60000: uvm_test_top.env.riscv_sb [Info error] DUT data is          0 :: SB data is        956
UVM_INFO ../testbench/driver.sv(29) @ 70000: uvm_test_top.env.riscv_ag_active.riscv_drv [DRV] Wait for item from sequencer
UVM_INFO ../testbench/sequence.sv(16) @ 70000: uvm_test_top.env.riscv_ag_active.riscv_seqr@@seq [SEQ] Generate new item: 
------------------------------------------------------------------------------------------------
Name                           Type        Size  Value                                          
------------------------------------------------------------------------------------------------
f_item                         riscv_item  -     @698                                           
  iteracion                    integral    32    'hb95254af                                     
  opcode                       integral    7     'h13                                           
  rd                           integral    5     'h13                                           
  rs1                          integral    5     'h1b                                           
  rs2                          integral    5     'h8                                            
  funct3                       integral    3     'h0                                            
  funct7                       integral    7     'h20                                           
  inm12                        integral    12    'h9ea                                          
  funct3_s                     integral    3     'h1                                            
  inm12_4                      integral    12    'h2f0                                          
  funct3_b                     integral    3     'h1                                            
  inm_20                       integral    20    'h85562                                        
  inm_20_4                     integral    20    'h4d8bc                                        
  funct3_lw                    integral    3     'h5                                            
  opcode_rg                    integral    7     'h13                                           
  funct3_rg                    integral    3     'h0                                            
  rand_instruction             integral    32    'h9ead8993                                     
  rand_register                integral    32    'h9ead8993                                     
  begin_time                   time        64    70000                                          
  depth                        int         32    'd2                                            
  parent sequence (name)       string      3     seq                                            
  parent sequence (full name)  string      47    uvm_test_top.env.riscv_ag_active.riscv_seqr.seq
  sequencer                    string      43    uvm_test_top.env.riscv_ag_active.riscv_seqr    
------------------------------------------------------------------------------------------------
UVM_INFO ../testbench/scoreboard.sv(43) @ 70000: uvm_test_top.env.riscv_sb [drv] Data received = 10011110101011011000100110010011 
UVM_INFO ../testbench/monitor.sv(75) @ 80000: uvm_test_top.env.riscv_ag_passive.fifo_mntr_rd [Ojo] registro a ver =          0
UVM_INFO ../testbench/scoreboard.sv(52) @ 80000: uvm_test_top.env.riscv_sb [Instruction] Instruction recibida = 10011110101011011000100110010011
UVM_INFO ../testbench/scoreboard.sv(171) @ 80000: uvm_test_top.env.riscv_sb [SB PASS] Este es rd 19
UVM_ERROR ../testbench/scoreboard.sv(176) @ 80000: uvm_test_top.env.riscv_sb [SB error] Data mismatch
UVM_INFO ../testbench/scoreboard.sv(177) @ 80000: uvm_test_top.env.riscv_sb [Info error] El registro =           7 no coincide
UVM_INFO ../testbench/scoreboard.sv(178) @ 80000: uvm_test_top.env.riscv_sb [Info error] DUT data is          0 :: SB data is        956
UVM_INFO ../testbench/driver.sv(29) @ 90000: uvm_test_top.env.riscv_ag_active.riscv_drv [DRV] Wait for item from sequencer
UVM_INFO ../testbench/sequence.sv(16) @ 90000: uvm_test_top.env.riscv_ag_active.riscv_seqr@@seq [SEQ] Generate new item: 
------------------------------------------------------------------------------------------------
Name                           Type        Size  Value                                          
------------------------------------------------------------------------------------------------
f_item                         riscv_item  -     @698                                           
  iteracion                    integral    32    'hc9bdbb07                                     
  opcode                       integral    7     'h13                                           
  rd                           integral    5     'h19                                           
  rs1                          integral    5     'h1b                                           
  rs2                          integral    5     'h8                                            
  funct3                       integral    3     'h4                                            
  funct7                       integral    7     'h0                                            
  inm12                        integral    12    'hee0                                          
  funct3_s                     integral    3     'h2                                            
  inm12_4                      integral    12    'hf54                                          
  funct3_b                     integral    3     'h6                                            
  inm_20                       integral    20    'hbbd52                                        
  inm_20_4                     integral    20    'h4ebc8                                        
  funct3_lw                    integral    3     'h5                                            
  opcode_rg                    integral    7     'h13                                           
  funct3_rg                    integral    3     'h0                                            
  rand_instruction             integral    32    'hee0dcc93                                     
  rand_register                integral    32    'hee0d8c93                                     
  begin_time                   time        64    90000                                          
  depth                        int         32    'd2                                            
  parent sequence (name)       string      3     seq                                            
  parent sequence (full name)  string      47    uvm_test_top.env.riscv_ag_active.riscv_seqr.seq
  sequencer                    string      43    uvm_test_top.env.riscv_ag_active.riscv_seqr    
------------------------------------------------------------------------------------------------
UVM_INFO ../testbench/scoreboard.sv(43) @ 90000: uvm_test_top.env.riscv_sb [drv] Data received = 11101110000011011000110010010011 
UVM_INFO ../testbench/monitor.sv(75) @ 100000: uvm_test_top.env.riscv_ag_passive.fifo_mntr_rd [Ojo] registro a ver =          0
UVM_INFO ../testbench/scoreboard.sv(52) @ 100000: uvm_test_top.env.riscv_sb [Instruction] Instruction recibida = 11101110000011011000110010010011
UVM_INFO ../testbench/scoreboard.sv(171) @ 100000: uvm_test_top.env.riscv_sb [SB PASS] Este es rd 25
UVM_ERROR ../testbench/scoreboard.sv(176) @ 100000: uvm_test_top.env.riscv_sb [SB error] Data mismatch
UVM_INFO ../testbench/scoreboard.sv(177) @ 100000: uvm_test_top.env.riscv_sb [Info error] El registro =          19 no coincide
UVM_INFO ../testbench/scoreboard.sv(178) @ 100000: uvm_test_top.env.riscv_sb [Info error] DUT data is          0 :: SB data is 4294965738
UVM_INFO ../testbench/driver.sv(29) @ 110000: uvm_test_top.env.riscv_ag_active.riscv_drv [DRV] Wait for item from sequencer
UVM_INFO ../testbench/sequence.sv(16) @ 110000: uvm_test_top.env.riscv_ag_active.riscv_seqr@@seq [SEQ] Generate new item: 
------------------------------------------------------------------------------------------------
Name                           Type        Size  Value                                          
------------------------------------------------------------------------------------------------
f_item                         riscv_item  -     @698                                           
  iteracion                    integral    32    'h674b21a4                                     
  opcode                       integral    7     'h13                                           
  rd                           integral    5     'h12                                           
  rs1                          integral    5     'h11                                           
  rs2                          integral    5     'h5                                            
  funct3                       integral    3     'h2                                            
  funct7                       integral    7     'h0                                            
  inm12                        integral    12    'h699                                          
  funct3_s                     integral    3     'h1                                            
  inm12_4                      integral    12    'hf20                                          
  funct3_b                     integral    3     'h4                                            
  inm_20                       integral    20    'hc5676                                        
  inm_20_4                     integral    20    'hfda70                                        
  funct3_lw                    integral    3     'h4                                            
  opcode_rg                    integral    7     'h13                                           
  funct3_rg                    integral    3     'h0                                            
  rand_instruction             integral    32    'h6998a913                                     
  rand_register                integral    32    'h69988913                                     
  begin_time                   time        64    110000                                         
  depth                        int         32    'd2                                            
  parent sequence (name)       string      3     seq                                            
  parent sequence (full name)  string      47    uvm_test_top.env.riscv_ag_active.riscv_seqr.seq
  sequencer                    string      43    uvm_test_top.env.riscv_ag_active.riscv_seqr    
------------------------------------------------------------------------------------------------
UVM_INFO ../testbench/scoreboard.sv(43) @ 110000: uvm_test_top.env.riscv_sb [drv] Data received = 01101001100110001000100100010011 
UVM_INFO ../testbench/monitor.sv(75) @ 120000: uvm_test_top.env.riscv_ag_passive.fifo_mntr_rd [Ojo] registro a ver =          0
UVM_INFO ../testbench/scoreboard.sv(52) @ 120000: uvm_test_top.env.riscv_sb [Instruction] Instruction recibida = 01101001100110001000100100010011
UVM_INFO ../testbench/scoreboard.sv(171) @ 120000: uvm_test_top.env.riscv_sb [SB PASS] Este es rd 18
UVM_ERROR ../testbench/scoreboard.sv(176) @ 120000: uvm_test_top.env.riscv_sb [SB error] Data mismatch
UVM_INFO ../testbench/scoreboard.sv(177) @ 120000: uvm_test_top.env.riscv_sb [Info error] El registro =          18 no coincide
UVM_INFO ../testbench/scoreboard.sv(178) @ 120000: uvm_test_top.env.riscv_sb [Info error] DUT data is          0 :: SB data is       1689
UVM_INFO ../testbench/driver.sv(29) @ 130000: uvm_test_top.env.riscv_ag_active.riscv_drv [DRV] Wait for item from sequencer
UVM_INFO ../testbench/sequence.sv(16) @ 130000: uvm_test_top.env.riscv_ag_active.riscv_seqr@@seq [SEQ] Generate new item: 
------------------------------------------------------------------------------------------------
Name                           Type        Size  Value                                          
------------------------------------------------------------------------------------------------
f_item                         riscv_item  -     @698                                           
  iteracion                    integral    32    'hedf2c6cd                                     
  opcode                       integral    7     'h33                                           
  rd                           integral    5     'h10                                           
  rs1                          integral    5     'h6                                            
  rs2                          integral    5     'h10                                           
  funct3                       integral    3     'h5                                            
  funct7                       integral    7     'h0                                            
  inm12                        integral    12    'h11                                           
  funct3_s                     integral    3     'h1                                            
  inm12_4                      integral    12    'h430                                          
  funct3_b                     integral    3     'h1                                            
  inm_20                       integral    20    'hb1f1c                                        
  inm_20_4                     integral    20    'hf1558                                        
  funct3_lw                    integral    3     'h1                                            
  opcode_rg                    integral    7     'h13                                           
  funct3_rg                    integral    3     'h0                                            
  rand_instruction             integral    32    'h1035833                                      
  rand_register                integral    32    'h1130813                                      
  begin_time                   time        64    130000                                         
  depth                        int         32    'd2                                            
  parent sequence (name)       string      3     seq                                            
  parent sequence (full name)  string      47    uvm_test_top.env.riscv_ag_active.riscv_seqr.seq
  sequencer                    string      43    uvm_test_top.env.riscv_ag_active.riscv_seqr    
------------------------------------------------------------------------------------------------
UVM_INFO ../testbench/scoreboard.sv(43) @ 130000: uvm_test_top.env.riscv_sb [drv] Data received = 00000001000100110000100000010011 
UVM_INFO ../testbench/monitor.sv(75) @ 140000: uvm_test_top.env.riscv_ag_passive.fifo_mntr_rd [Ojo] registro a ver =          0
UVM_INFO ../testbench/scoreboard.sv(52) @ 140000: uvm_test_top.env.riscv_sb [Instruction] Instruction recibida = 00000001000100110000100000010011
UVM_INFO ../testbench/scoreboard.sv(171) @ 140000: uvm_test_top.env.riscv_sb [SB PASS] Este es rd 16
UVM_ERROR ../testbench/scoreboard.sv(176) @ 140000: uvm_test_top.env.riscv_sb [SB error] Data mismatch
UVM_INFO ../testbench/scoreboard.sv(177) @ 140000: uvm_test_top.env.riscv_sb [Info error] El registro =          16 no coincide
UVM_INFO ../testbench/scoreboard.sv(178) @ 140000: uvm_test_top.env.riscv_sb [Info error] DUT data is          0 :: SB data is         17
UVM_INFO ../testbench/driver.sv(29) @ 150000: uvm_test_top.env.riscv_ag_active.riscv_drv [DRV] Wait for item from sequencer
UVM_INFO ../testbench/sequence.sv(16) @ 150000: uvm_test_top.env.riscv_ag_active.riscv_seqr@@seq [SEQ] Generate new item: 
------------------------------------------------------------------------------------------------
Name                           Type        Size  Value                                          
------------------------------------------------------------------------------------------------
f_item                         riscv_item  -     @698                                           
  iteracion                    integral    32    'h2a01a7f5                                     
  opcode                       integral    7     'h13                                           
  rd                           integral    5     'h1e                                           
  rs1                          integral    5     'h14                                           
  rs2                          integral    5     'h13                                           
  funct3                       integral    3     'h7                                            
  funct7                       integral    7     'h0                                            
  inm12                        integral    12    'he00                                          
  funct3_s                     integral    3     'h1                                            
  inm12_4                      integral    12    'hcb4                                          
  funct3_b                     integral    3     'h0                                            
  inm_20                       integral    20    'h3e93f                                        
  inm_20_4                     integral    20    'h65540                                        
  funct3_lw                    integral    3     'h5                                            
  opcode_rg                    integral    7     'h13                                           
  funct3_rg                    integral    3     'h0                                            
  rand_instruction             integral    32    'he00a7f13                                     
  rand_register                integral    32    'he00a0f13                                     
  begin_time                   time        64    150000                                         
  depth                        int         32    'd2                                            
  parent sequence (name)       string      3     seq                                            
  parent sequence (full name)  string      47    uvm_test_top.env.riscv_ag_active.riscv_seqr.seq
  sequencer                    string      43    uvm_test_top.env.riscv_ag_active.riscv_seqr    
------------------------------------------------------------------------------------------------
UVM_INFO ../testbench/scoreboard.sv(43) @ 150000: uvm_test_top.env.riscv_sb [drv] Data received = 11100000000010100111111100010011 
UVM_INFO ../testbench/monitor.sv(75) @ 160000: uvm_test_top.env.riscv_ag_passive.fifo_mntr_rd [Ojo] registro a ver =          0
UVM_INFO ../testbench/scoreboard.sv(52) @ 160000: uvm_test_top.env.riscv_sb [Instruction] Instruction recibida = 11100000000010100111111100010011
UVM_INFO ../testbench/scoreboard.sv(171) @ 160000: uvm_test_top.env.riscv_sb [SB PASS] Este es rd 30
UVM_ERROR ../testbench/scoreboard.sv(176) @ 160000: uvm_test_top.env.riscv_sb [SB error] Data mismatch
UVM_INFO ../testbench/scoreboard.sv(177) @ 160000: uvm_test_top.env.riscv_sb [Info error] El registro =          16 no coincide
UVM_INFO ../testbench/scoreboard.sv(178) @ 160000: uvm_test_top.env.riscv_sb [Info error] DUT data is          0 :: SB data is         17
UVM_INFO ../testbench/driver.sv(29) @ 170000: uvm_test_top.env.riscv_ag_active.riscv_drv [DRV] Wait for item from sequencer
UVM_INFO ../testbench/sequence.sv(16) @ 170000: uvm_test_top.env.riscv_ag_active.riscv_seqr@@seq [SEQ] Generate new item: 
------------------------------------------------------------------------------------------------
Name                           Type        Size  Value                                          
------------------------------------------------------------------------------------------------
f_item                         riscv_item  -     @698                                           
  iteracion                    integral    32    'hbb8317e2                                     
  opcode                       integral    7     'h13                                           
  rd                           integral    5     'h6                                            
  rs1                          integral    5     'h17                                           
  rs2                          integral    5     'h16                                           
  funct3                       integral    3     'h0                                            
  funct7                       integral    7     'h0                                            
  inm12                        integral    12    'h4d2                                          
  funct3_s                     integral    3     'h0                                            
  inm12_4                      integral    12    'h410                                          
  funct3_b                     integral    3     'h0                                            
  inm_20                       integral    20    'hd11e                                         
  inm_20_4                     integral    20    'heab28                                        
  funct3_lw                    integral    3     'h1                                            
  opcode_rg                    integral    7     'h13                                           
  funct3_rg                    integral    3     'h0                                            
  rand_instruction             integral    32    'h4d2b8313                                     
  rand_register                integral    32    'h4d2b8313                                     
  begin_time                   time        64    170000                                         
  depth                        int         32    'd2                                            
  parent sequence (name)       string      3     seq                                            
  parent sequence (full name)  string      47    uvm_test_top.env.riscv_ag_active.riscv_seqr.seq
  sequencer                    string      43    uvm_test_top.env.riscv_ag_active.riscv_seqr    
------------------------------------------------------------------------------------------------
UVM_INFO ../testbench/scoreboard.sv(43) @ 170000: uvm_test_top.env.riscv_sb [drv] Data received = 01001101001010111000001100010011 
UVM_INFO ../testbench/monitor.sv(75) @ 180000: uvm_test_top.env.riscv_ag_passive.fifo_mntr_rd [Ojo] registro a ver =          0
UVM_INFO ../testbench/scoreboard.sv(52) @ 180000: uvm_test_top.env.riscv_sb [Instruction] Instruction recibida = 01001101001010111000001100010011
UVM_INFO ../testbench/scoreboard.sv(171) @ 180000: uvm_test_top.env.riscv_sb [SB PASS] Este es rd  6
UVM_ERROR ../testbench/scoreboard.sv(176) @ 180000: uvm_test_top.env.riscv_sb [SB error] Data mismatch
UVM_INFO ../testbench/scoreboard.sv(177) @ 180000: uvm_test_top.env.riscv_sb [Info error] El registro =           6 no coincide
UVM_INFO ../testbench/scoreboard.sv(178) @ 180000: uvm_test_top.env.riscv_sb [Info error] DUT data is          0 :: SB data is       1234
UVM_INFO ../testbench/driver.sv(29) @ 190000: uvm_test_top.env.riscv_ag_active.riscv_drv [DRV] Wait for item from sequencer
UVM_INFO ../testbench/sequence.sv(16) @ 190000: uvm_test_top.env.riscv_ag_active.riscv_seqr@@seq [SEQ] Generate new item: 
------------------------------------------------------------------------------------------------
Name                           Type        Size  Value                                          
------------------------------------------------------------------------------------------------
f_item                         riscv_item  -     @698                                           
  iteracion                    integral    32    'h7f4f853e                                     
  opcode                       integral    7     'h13                                           
  rd                           integral    5     'hc                                            
  rs1                          integral    5     'h8                                            
  rs2                          integral    5     'hb                                            
  funct3                       integral    3     'h6                                            
  funct7                       integral    7     'h0                                            
  inm12                        integral    12    'h934                                          
  funct3_s                     integral    3     'h2                                            
  inm12_4                      integral    12    'h294                                          
  funct3_b                     integral    3     'h1                                            
  inm_20                       integral    20    'h5025                                         
  inm_20_4                     integral    20    'hea0f8                                        
  funct3_lw                    integral    3     'h5                                            
  opcode_rg                    integral    7     'h13                                           
  funct3_rg                    integral    3     'h0                                            
  rand_instruction             integral    32    'h93446613                                     
  rand_register                integral    32    'h93440613                                     
  begin_time                   time        64    190000                                         
  depth                        int         32    'd2                                            
  parent sequence (name)       string      3     seq                                            
  parent sequence (full name)  string      47    uvm_test_top.env.riscv_ag_active.riscv_seqr.seq
  sequencer                    string      43    uvm_test_top.env.riscv_ag_active.riscv_seqr    
------------------------------------------------------------------------------------------------
UVM_INFO ../testbench/scoreboard.sv(43) @ 190000: uvm_test_top.env.riscv_sb [drv] Data received = 10010011010001000110011000010011 
UVM_INFO ../testbench/monitor.sv(75) @ 200000: uvm_test_top.env.riscv_ag_passive.fifo_mntr_rd [Ojo] registro a ver =          0
UVM_INFO ../testbench/scoreboard.sv(52) @ 200000: uvm_test_top.env.riscv_sb [Instruction] Instruction recibida = 10010011010001000110011000010011
UVM_INFO ../testbench/scoreboard.sv(171) @ 200000: uvm_test_top.env.riscv_sb [SB PASS] Este es rd 12
UVM_ERROR ../testbench/scoreboard.sv(176) @ 200000: uvm_test_top.env.riscv_sb [SB error] Data mismatch
UVM_INFO ../testbench/scoreboard.sv(177) @ 200000: uvm_test_top.env.riscv_sb [Info error] El registro =           6 no coincide
UVM_INFO ../testbench/scoreboard.sv(178) @ 200000: uvm_test_top.env.riscv_sb [Info error] DUT data is          0 :: SB data is       1234
UVM_INFO ../testbench/driver.sv(29) @ 210000: uvm_test_top.env.riscv_ag_active.riscv_drv [DRV] Wait for item from sequencer
UVM_INFO ../testbench/sequence.sv(16) @ 210000: uvm_test_top.env.riscv_ag_active.riscv_seqr@@seq [SEQ] Generate new item: 
------------------------------------------------------------------------------------------------
Name                           Type        Size  Value                                          
------------------------------------------------------------------------------------------------
f_item                         riscv_item  -     @698                                           
  iteracion                    integral    32    'h21d1e16                                      
  opcode                       integral    7     'h13                                           
  rd                           integral    5     'h5                                            
  rs1                          integral    5     'h9                                            
  rs2                          integral    5     'h2                                            
  funct3                       integral    3     'h0                                            
  funct7                       integral    7     'h0                                            
  inm12                        integral    12    'hc07                                          
  funct3_s                     integral    3     'h1                                            
  inm12_4                      integral    12    'h768                                          
  funct3_b                     integral    3     'h6                                            
  inm_20                       integral    20    'hd0ce                                         
  inm_20_4                     integral    20    'hf7e14                                        
  funct3_lw                    integral    3     'h2                                            
  opcode_rg                    integral    7     'h13                                           
  funct3_rg                    integral    3     'h0                                            
  rand_instruction             integral    32    'hc0748293                                     
  rand_register                integral    32    'hc0748293                                     
  begin_time                   time        64    210000                                         
  depth                        int         32    'd2                                            
  parent sequence (name)       string      3     seq                                            
  parent sequence (full name)  string      47    uvm_test_top.env.riscv_ag_active.riscv_seqr.seq
  sequencer                    string      43    uvm_test_top.env.riscv_ag_active.riscv_seqr    
------------------------------------------------------------------------------------------------
UVM_INFO ../testbench/scoreboard.sv(43) @ 210000: uvm_test_top.env.riscv_sb [drv] Data received = 11000000011101001000001010010011 
UVM_INFO ../testbench/monitor.sv(75) @ 220000: uvm_test_top.env.riscv_ag_passive.fifo_mntr_rd [Ojo] registro a ver =          0
UVM_INFO ../testbench/scoreboard.sv(52) @ 220000: uvm_test_top.env.riscv_sb [Instruction] Instruction recibida = 11000000011101001000001010010011
UVM_INFO ../testbench/scoreboard.sv(171) @ 220000: uvm_test_top.env.riscv_sb [SB PASS] Este es rd  5
UVM_ERROR ../testbench/scoreboard.sv(176) @ 220000: uvm_test_top.env.riscv_sb [SB error] Data mismatch
UVM_INFO ../testbench/scoreboard.sv(177) @ 220000: uvm_test_top.env.riscv_sb [Info error] El registro =           5 no coincide
UVM_INFO ../testbench/scoreboard.sv(178) @ 220000: uvm_test_top.env.riscv_sb [Info error] DUT data is          0 :: SB data is 4294966279
UVM_INFO ../testbench/driver.sv(29) @ 230000: uvm_test_top.env.riscv_ag_active.riscv_drv [DRV] Wait for item from sequencer
UVM_INFO ../testbench/sequence.sv(16) @ 230000: uvm_test_top.env.riscv_ag_active.riscv_seqr@@seq [SEQ] Generate new item: 
------------------------------------------------------------------------------------------------
Name                           Type        Size  Value                                          
------------------------------------------------------------------------------------------------
f_item                         riscv_item  -     @698                                           
  iteracion                    integral    32    'h523ad6fe                                     
  opcode                       integral    7     'h13                                           
  rd                           integral    5     'hf                                            
  rs1                          integral    5     'h16                                           
  rs2                          integral    5     'h10                                           
  funct3                       integral    3     'h2                                            
  funct7                       integral    7     'h0                                            
  inm12                        integral    12    'h5ac                                          
  funct3_s                     integral    3     'h0                                            
  inm12_4                      integral    12    'h4a4                                          
  funct3_b                     integral    3     'h6                                            
  inm_20                       integral    20    'h6695                                         
  inm_20_4                     integral    20    'h95030                                        
  funct3_lw                    integral    3     'h4                                            
  opcode_rg                    integral    7     'h13                                           
  funct3_rg                    integral    3     'h0                                            
  rand_instruction             integral    32    'h5acb2793                                     
  rand_register                integral    32    'h5acb0793                                     
  begin_time                   time        64    230000                                         
  depth                        int         32    'd2                                            
  parent sequence (name)       string      3     seq                                            
  parent sequence (full name)  string      47    uvm_test_top.env.riscv_ag_active.riscv_seqr.seq
  sequencer                    string      43    uvm_test_top.env.riscv_ag_active.riscv_seqr    
------------------------------------------------------------------------------------------------
UVM_INFO ../testbench/scoreboard.sv(43) @ 230000: uvm_test_top.env.riscv_sb [drv] Data received = 01011010110010110010011110010011 
UVM_INFO ../testbench/monitor.sv(75) @ 240000: uvm_test_top.env.riscv_ag_passive.fifo_mntr_rd [Ojo] registro a ver =          0
UVM_INFO ../testbench/scoreboard.sv(52) @ 240000: uvm_test_top.env.riscv_sb [Instruction] Instruction recibida = 01011010110010110010011110010011
UVM_INFO ../testbench/scoreboard.sv(171) @ 240000: uvm_test_top.env.riscv_sb [SB PASS] Este es rd 15
UVM_ERROR ../testbench/scoreboard.sv(176) @ 240000: uvm_test_top.env.riscv_sb [SB error] Data mismatch
UVM_INFO ../testbench/scoreboard.sv(177) @ 240000: uvm_test_top.env.riscv_sb [Info error] El registro =           5 no coincide
UVM_INFO ../testbench/scoreboard.sv(178) @ 240000: uvm_test_top.env.riscv_sb [Info error] DUT data is          0 :: SB data is 4294966279
UVM_INFO ../testbench/driver.sv(29) @ 250000: uvm_test_top.env.riscv_ag_active.riscv_drv [DRV] Wait for item from sequencer
UVM_INFO ../testbench/sequence.sv(16) @ 250000: uvm_test_top.env.riscv_ag_active.riscv_seqr@@seq [SEQ] Generate new item: 
------------------------------------------------------------------------------------------------
Name                           Type        Size  Value                                          
------------------------------------------------------------------------------------------------
f_item                         riscv_item  -     @698                                           
  iteracion                    integral    32    'hbf3fe284                                     
  opcode                       integral    7     'h13                                           
  rd                           integral    5     'h1b                                           
  rs1                          integral    5     'h3                                            
  rs2                          integral    5     'h14                                           
  funct3                       integral    3     'h4                                            
  funct7                       integral    7     'h0                                            
  inm12                        integral    12    'h762                                          
  funct3_s                     integral    3     'h0                                            
  inm12_4                      integral    12    'heb8                                          
  funct3_b                     integral    3     'h5                                            
  inm_20                       integral    20    'hf24d7                                        
  inm_20_4                     integral    20    'h1e99c                                        
  funct3_lw                    integral    3     'h2                                            
  opcode_rg                    integral    7     'h13                                           
  funct3_rg                    integral    3     'h0                                            
  rand_instruction             integral    32    'h7621cd93                                     
  rand_register                integral    32    'h76218d93                                     
  begin_time                   time        64    250000                                         
  depth                        int         32    'd2                                            
  parent sequence (name)       string      3     seq                                            
  parent sequence (full name)  string      47    uvm_test_top.env.riscv_ag_active.riscv_seqr.seq
  sequencer                    string      43    uvm_test_top.env.riscv_ag_active.riscv_seqr    
------------------------------------------------------------------------------------------------
UVM_INFO ../testbench/scoreboard.sv(43) @ 250000: uvm_test_top.env.riscv_sb [drv] Data received = 01110110001000011100110110010011 
UVM_INFO ../testbench/monitor.sv(75) @ 260000: uvm_test_top.env.riscv_ag_passive.fifo_mntr_rd [Ojo] registro a ver =          0
UVM_INFO ../testbench/scoreboard.sv(52) @ 260000: uvm_test_top.env.riscv_sb [Instruction] Instruction recibida = 01110110001000011100110110010011
UVM_INFO ../testbench/scoreboard.sv(171) @ 260000: uvm_test_top.env.riscv_sb [SB PASS] Este es rd 27
UVM_ERROR ../testbench/scoreboard.sv(176) @ 260000: uvm_test_top.env.riscv_sb [SB error] Data mismatch
UVM_INFO ../testbench/scoreboard.sv(177) @ 260000: uvm_test_top.env.riscv_sb [Info error] El registro =          15 no coincide
UVM_INFO ../testbench/scoreboard.sv(178) @ 260000: uvm_test_top.env.riscv_sb [Info error] DUT data is          0 :: SB data is          1
UVM_INFO ../testbench/driver.sv(29) @ 270000: uvm_test_top.env.riscv_ag_active.riscv_drv [DRV] Wait for item from sequencer
UVM_INFO ../testbench/sequence.sv(16) @ 270000: uvm_test_top.env.riscv_ag_active.riscv_seqr@@seq [SEQ] Generate new item: 
------------------------------------------------------------------------------------------------
Name                           Type        Size  Value                                          
------------------------------------------------------------------------------------------------
f_item                         riscv_item  -     @698                                           
  iteracion                    integral    32    'h7e82495                                      
  opcode                       integral    7     'h13                                           
  rd                           integral    5     'h14                                           
  rs1                          integral    5     'hf                                            
  rs2                          integral    5     'h1b                                           
  funct3                       integral    3     'h6                                            
  funct7                       integral    7     'h0                                            
  inm12                        integral    12    'he06                                          
  funct3_s                     integral    3     'h1                                            
  inm12_4                      integral    12    'h358                                          
  funct3_b                     integral    3     'h0                                            
  inm_20                       integral    20    'h9054a                                        
  inm_20_4                     integral    20    'h7f4c8                                        
  funct3_lw                    integral    3     'h5                                            
  opcode_rg                    integral    7     'h13                                           
  funct3_rg                    integral    3     'h0                                            
  rand_instruction             integral    32    'he067ea13                                     
  rand_register                integral    32    'he0678a13                                     
  begin_time                   time        64    270000                                         
  depth                        int         32    'd2                                            
  parent sequence (name)       string      3     seq                                            
  parent sequence (full name)  string      47    uvm_test_top.env.riscv_ag_active.riscv_seqr.seq
  sequencer                    string      43    uvm_test_top.env.riscv_ag_active.riscv_seqr    
------------------------------------------------------------------------------------------------
UVM_INFO ../testbench/scoreboard.sv(43) @ 270000: uvm_test_top.env.riscv_sb [drv] Data received = 11100000011001111110101000010011 
UVM_INFO ../testbench/monitor.sv(75) @ 280000: uvm_test_top.env.riscv_ag_passive.fifo_mntr_rd [Ojo] registro a ver =          0
UVM_INFO ../testbench/scoreboard.sv(52) @ 280000: uvm_test_top.env.riscv_sb [Instruction] Instruction recibida = 11100000011001111110101000010011
UVM_INFO ../testbench/scoreboard.sv(171) @ 280000: uvm_test_top.env.riscv_sb [SB PASS] Este es rd 20
UVM_ERROR ../testbench/scoreboard.sv(176) @ 280000: uvm_test_top.env.riscv_sb [SB error] Data mismatch
UVM_INFO ../testbench/scoreboard.sv(177) @ 280000: uvm_test_top.env.riscv_sb [Info error] El registro =          20 no coincide
UVM_INFO ../testbench/scoreboard.sv(178) @ 280000: uvm_test_top.env.riscv_sb [Info error] DUT data is          0 :: SB data is 4294966791
UVM_INFO ../testbench/driver.sv(29) @ 290000: uvm_test_top.env.riscv_ag_active.riscv_drv [DRV] Wait for item from sequencer
UVM_INFO ../testbench/sequence.sv(16) @ 290000: uvm_test_top.env.riscv_ag_active.riscv_seqr@@seq [SEQ] Generate new item: 
------------------------------------------------------------------------------------------------
Name                           Type        Size  Value                                          
------------------------------------------------------------------------------------------------
f_item                         riscv_item  -     @698                                           
  iteracion                    integral    32    'h273918e7                                     
  opcode                       integral    7     'h33                                           
  rd                           integral    5     'he                                            
  rs1                          integral    5     'hb                                            
  rs2                          integral    5     'h2                                            
  funct3                       integral    3     'h1                                            
  funct7                       integral    7     'h0                                            
  inm12                        integral    12    'h1d                                           
  funct3_s                     integral    3     'h1                                            
  inm12_4                      integral    12    'ha8c                                          
  funct3_b                     integral    3     'h0                                            
  inm_20                       integral    20    'h5b88e                                        
  inm_20_4                     integral    20    'hb62e0                                        
  funct3_lw                    integral    3     'h4                                            
  opcode_rg                    integral    7     'h13                                           
  funct3_rg                    integral    3     'h0                                            
  rand_instruction             integral    32    'h259733                                       
  rand_register                integral    32    'h1d58713                                      
  begin_time                   time        64    290000                                         
  depth                        int         32    'd2                                            
  parent sequence (name)       string      3     seq                                            
  parent sequence (full name)  string      47    uvm_test_top.env.riscv_ag_active.riscv_seqr.seq
  sequencer                    string      43    uvm_test_top.env.riscv_ag_active.riscv_seqr    
------------------------------------------------------------------------------------------------
UVM_INFO ../testbench/scoreboard.sv(43) @ 290000: uvm_test_top.env.riscv_sb [drv] Data received = 00000000001001011001011100110011 
UVM_INFO ../testbench/monitor.sv(75) @ 300000: uvm_test_top.env.riscv_ag_passive.fifo_mntr_rd [Ojo] registro a ver =          0
UVM_INFO ../testbench/scoreboard.sv(52) @ 300000: uvm_test_top.env.riscv_sb [Instruction] Instruction recibida = 00000000001001011001011100110011
UVM_INFO ../testbench/scoreboard.sv(171) @ 300000: uvm_test_top.env.riscv_sb [SB PASS] Este es rd 14
UVM_ERROR ../testbench/scoreboard.sv(176) @ 300000: uvm_test_top.env.riscv_sb [SB error] Data mismatch
UVM_INFO ../testbench/scoreboard.sv(177) @ 300000: uvm_test_top.env.riscv_sb [Info error] El registro =          14 no coincide
UVM_INFO ../testbench/scoreboard.sv(178) @ 300000: uvm_test_top.env.riscv_sb [Info error] DUT data is          0 :: SB data is        947
UVM_INFO ../testbench/driver.sv(29) @ 310000: uvm_test_top.env.riscv_ag_active.riscv_drv [DRV] Wait for item from sequencer
UVM_INFO ../testbench/sequence.sv(16) @ 310000: uvm_test_top.env.riscv_ag_active.riscv_seqr@@seq [SEQ] Generate new item: 
------------------------------------------------------------------------------------------------
Name                           Type        Size  Value                                          
------------------------------------------------------------------------------------------------
f_item                         riscv_item  -     @698                                           
  iteracion                    integral    32    'h75aaf002                                     
  opcode                       integral    7     'h13                                           
  rd                           integral    5     'h16                                           
  rs1                          integral    5     'h1d                                           
  rs2                          integral    5     'h18                                           
  funct3                       integral    3     'h3                                            
  funct7                       integral    7     'h0                                            
  inm12                        integral    12    'h130                                          
  funct3_s                     integral    3     'h0                                            
  inm12_4                      integral    12    'h600                                          
  funct3_b                     integral    3     'h5                                            
  inm_20                       integral    20    'h58b88                                        
  inm_20_4                     integral    20    'h21340                                        
  funct3_lw                    integral    3     'h4                                            
  opcode_rg                    integral    7     'h13                                           
  funct3_rg                    integral    3     'h0                                            
  rand_instruction             integral    32    'h130ebb13                                     
  rand_register                integral    32    'h130e8b13                                     
  begin_time                   time        64    310000                                         
  depth                        int         32    'd2                                            
  parent sequence (name)       string      3     seq                                            
  parent sequence (full name)  string      47    uvm_test_top.env.riscv_ag_active.riscv_seqr.seq
  sequencer                    string      43    uvm_test_top.env.riscv_ag_active.riscv_seqr    
------------------------------------------------------------------------------------------------
UVM_INFO ../testbench/scoreboard.sv(43) @ 310000: uvm_test_top.env.riscv_sb [drv] Data received = 00010011000011101011101100010011 
UVM_INFO ../testbench/monitor.sv(75) @ 320000: uvm_test_top.env.riscv_ag_passive.fifo_mntr_rd [Ojo] registro a ver =          0
UVM_INFO ../testbench/scoreboard.sv(52) @ 320000: uvm_test_top.env.riscv_sb [Instruction] Instruction recibida = 00010011000011101011101100010011
UVM_INFO ../testbench/scoreboard.sv(171) @ 320000: uvm_test_top.env.riscv_sb [SB PASS] Este es rd 22
UVM_ERROR ../testbench/scoreboard.sv(176) @ 320000: uvm_test_top.env.riscv_sb [SB error] Data mismatch
UVM_INFO ../testbench/scoreboard.sv(177) @ 320000: uvm_test_top.env.riscv_sb [Info error] El registro =          14 no coincide
UVM_INFO ../testbench/scoreboard.sv(178) @ 320000: uvm_test_top.env.riscv_sb [Info error] DUT data is          0 :: SB data is        947
UVM_INFO ../testbench/driver.sv(29) @ 330000: uvm_test_top.env.riscv_ag_active.riscv_drv [DRV] Wait for item from sequencer
UVM_INFO ../testbench/sequence.sv(16) @ 330000: uvm_test_top.env.riscv_ag_active.riscv_seqr@@seq [SEQ] Generate new item: 
------------------------------------------------------------------------------------------------
Name                           Type        Size  Value                                          
------------------------------------------------------------------------------------------------
f_item                         riscv_item  -     @698                                           
  iteracion                    integral    32    'h4e35ab53                                     
  opcode                       integral    7     'h33                                           
  rd                           integral    5     'h5                                            
  rs1                          integral    5     'h18                                           
  rs2                          integral    5     'hc                                            
  funct3                       integral    3     'h2                                            
  funct7                       integral    7     'h0                                            
  inm12                        integral    12    'hbda                                          
  funct3_s                     integral    3     'h0                                            
  inm12_4                      integral    12    'h9f4                                          
  funct3_b                     integral    3     'h1                                            
  inm_20                       integral    20    'h5ed05                                        
  inm_20_4                     integral    20    'hdf400                                        
  funct3_lw                    integral    3     'h0                                            
  opcode_rg                    integral    7     'h13                                           
  funct3_rg                    integral    3     'h0                                            
  rand_instruction             integral    32    'hcc22b3                                       
  rand_register                integral    32    'hbdac0293                                     
  begin_time                   time        64    330000                                         
  depth                        int         32    'd2                                            
  parent sequence (name)       string      3     seq                                            
  parent sequence (full name)  string      47    uvm_test_top.env.riscv_ag_active.riscv_seqr.seq
  sequencer                    string      43    uvm_test_top.env.riscv_ag_active.riscv_seqr    
------------------------------------------------------------------------------------------------
UVM_INFO ../testbench/scoreboard.sv(43) @ 330000: uvm_test_top.env.riscv_sb [drv] Data received = 00000000110011000010001010110011 
UVM_INFO ../testbench/monitor.sv(75) @ 340000: uvm_test_top.env.riscv_ag_passive.fifo_mntr_rd [Ojo] registro a ver =          0
UVM_INFO ../testbench/scoreboard.sv(52) @ 340000: uvm_test_top.env.riscv_sb [Instruction] Instruction recibida = 00000000110011000010001010110011
UVM_INFO ../testbench/scoreboard.sv(171) @ 340000: uvm_test_top.env.riscv_sb [SB PASS] Este es rd  5
UVM_ERROR ../testbench/scoreboard.sv(176) @ 340000: uvm_test_top.env.riscv_sb [SB error] Data mismatch
UVM_INFO ../testbench/scoreboard.sv(177) @ 340000: uvm_test_top.env.riscv_sb [Info error] El registro =           5 no coincide
UVM_INFO ../testbench/scoreboard.sv(178) @ 340000: uvm_test_top.env.riscv_sb [Info error] DUT data is 4294966279 :: SB data is          0
UVM_INFO ../testbench/driver.sv(29) @ 350000: uvm_test_top.env.riscv_ag_active.riscv_drv [DRV] Wait for item from sequencer
UVM_INFO ../testbench/sequence.sv(20) @ 350000: uvm_test_top.env.riscv_ag_active.riscv_seqr@@seq [SEQ] Done generation of items
UVM_INFO /home/jman/metrics-ca/dsim/20240422.4.0/uvm/1.2/src/base/uvm_objection.svh(1270) @ 350000: reporter [TEST_DONE] 'run' phase is ready to proceed to the 'extract' phase
UVM_INFO /home/jman/metrics-ca/dsim/20240422.4.0/uvm/1.2/src/base/uvm_report_server.svh(847) @ 350000: reporter [UVM/REPORT/SERVER] 
--- UVM Report Summary ---

** Report counts by severity
UVM_INFO :  141
UVM_WARNING :    0
UVM_ERROR :   16
UVM_FATAL :    0
** Report counts by id
[DRV]    17
[Info error]    32
[Instruction]    17
[Ojo]    17
[RNTST]     1
[SB PASS]    18
[SB error]    16
[SEQ]    17
[TEST_DONE]     1
[UVM/RELNOTES]     1
[drv]    16
[uvm_test_top]     3
[uvm_test_top.env]     1

=T:Simulation terminated by $finish at time 350000 (/home/jman/metrics-ca/dsim/20240422.4.0/uvm/1.2/src/base/uvm_root.svh:517);
Run directory: /home/jman/Documents/IE0621/Proyecto/EDA_RISC/SSP/VHDL_SystemVerilog/sim
  System timescale is 1ps / 1ps
  Metrics DSim version: 20240422.4.0 (b:R #c:0 h:33f2681ede os:ubuntu_22.04)
  Random seed: (defaulted to 1)
